<?xml version="1.0" encoding="UTF-8"?>
<!-- Generated by org.testng.reporters.JUnitReportReporter -->
<testsuite skipped="0" hostname="DESKTOP-7GP1KNR" name="TestNG.tc1" tests="1" failures="0" timestamp="02 Jan 2021 01:47:03 GMT" time="19.151" errors="0">
  <testcase name="verfiy" time="19.151" classname="TestNG.tc1"/>
</testsuite> <!-- TestNG.tc1 -->
